<?xml version="1.0" encoding="UTF-8"?>
<!-- Generated by org.testng.reporters.JUnitXMLReporter -->
<testsuite ignored="0" hostname="ng_desktop" failures="0" tests="4" name="Default test" time="74.267" errors="0" timestamp="2023-07-04T08:58:06 EDT">
  <testcase classname="openkart2testcases.TC005_LoginDDT" name="openKart2LoginDDT" time="1.72"/>
  <testcase classname="openkart2testcases.TC005_LoginDDT" name="openKart2LoginDDT" time="31.479"/>
  <testcase classname="openkart2testcases.TC005_LoginDDT" name="openKart2LoginDDT" time="31.469"/>
  <testcase classname="openkart2testcases.TC005_LoginDDT" name="openKart2LoginDDT" time="1.606"/>
</testsuite> <!-- Default test -->
