<?xml version="1.0" encoding="UTF-8"?>
<!-- Generated by org.testng.reporters.JUnitXMLReporter -->
<testsuite ignored="0" hostname="ng_desktop" failures="0" tests="4" name="Default test" time="73.086" errors="0" timestamp="2023-07-04T16:32:50 EDT">
  <testcase classname="openkart2testcases.TC005_LoginDDT" name="openKart2LoginDDT" time="1.632"/>
  <testcase classname="openkart2testcases.TC005_LoginDDT" name="openKart2LoginDDT" time="31.594"/>
  <testcase classname="openkart2testcases.TC005_LoginDDT" name="openKart2LoginDDT" time="31.537"/>
  <testcase classname="openkart2testcases.TC005_LoginDDT" name="openKart2LoginDDT" time="1.691"/>
</testsuite> <!-- Default test -->
