<?xml version="1.0" encoding="UTF-8"?>
<!-- Generated by org.testng.reporters.JUnitXMLReporter -->
<testsuite ignored="24" hostname="ng_desktop" failures="0" tests="14" name="Test" time="136.322" errors="0" timestamp="2023-07-05T00:06:03 EDT">
  <testcase classname="openkart2testcases.TC003_Login" name="openKart2Login" time="1.114"/>
  <testcase classname="openkart2testcases.TC001_Registration" name="openKart2Registration" time="12.245"/>
  <testcase classname="openkart2testcases.TC005_LoginDDT" name="openKart2LoginDDT" time="1.669"/>
  <testcase classname="openkart2testcases.TC005_LoginDDT" name="openKart2LoginDDT" time="31.598"/>
  <testcase classname="openkart2testcases.TC005_LoginDDT" name="openKart2LoginDDT" time="31.587"/>
  <testcase classname="openkart2testcases.TC005_LoginDDT" name="openKart2LoginDDT" time="1.621"/>
  <testcase classname="openkart2testcases.TC007_PasswordResetMail" name="openKart2PasswordResetMail" time="3.371"/>
  <testcase classname="openkart2testcases.TC002_Registration_data" name="openKart2Registration" time="12.013"/>
  <testcase classname="openkart2testcases.TC002_Registration_data" name="openKart2Registration" time="12.102"/>
  <testcase classname="openkart2testcases.TC004_Login2" name="openKart2Login" time="1.145"/>
  <testcase classname="openkart2testcases.TC004_Login2" name="openKart2Login" time="1.118"/>
  <testcase classname="openkart2testcases.TC004_Login2" name="openKart2Login" time="1.098"/>
  <testcase classname="openkart2testcases.TC004_Login2" name="openKart2Login" time="1.054"/>
  <testcase classname="openkart2testcases.TC006_LogoutDropdwnMyAccount" name="openKart2Logout" time="1.958"/>
  <testcase classname="wrappers.ProjectWrappers" name="@AfterSuite afterSuite" time="0.0">
    <ignored/>
  </testcase> <!-- @AfterSuite afterSuite -->
  <testcase classname="wrappers.ProjectWrappers" name="@AfterSuite afterSuite" time="0.0">
    <ignored/>
  </testcase> <!-- @AfterSuite afterSuite -->
  <testcase classname="wrappers.ProjectWrappers" name="@AfterSuite afterSuite" time="0.0">
    <ignored/>
  </testcase> <!-- @AfterSuite afterSuite -->
  <testcase classname="wrappers.ProjectWrappers" name="@AfterSuite afterSuite" time="0.0">
    <ignored/>
  </testcase> <!-- @AfterSuite afterSuite -->
  <testcase classname="wrappers.ProjectWrappers" name="@AfterSuite afterSuite" time="0.0">
    <ignored/>
  </testcase> <!-- @AfterSuite afterSuite -->
  <testcase classname="wrappers.ProjectWrappers" name="@AfterSuite afterSuite" time="0.0">
    <ignored/>
  </testcase> <!-- @AfterSuite afterSuite -->
  <testcase classname="wrappers.ProjectWrappers" name="@BeforeTest beforeTest" time="0.0">
    <ignored/>
  </testcase> <!-- @BeforeTest beforeTest -->
  <testcase classname="wrappers.ProjectWrappers" name="@BeforeTest beforeTest" time="0.0">
    <ignored/>
  </testcase> <!-- @BeforeTest beforeTest -->
  <testcase classname="wrappers.ProjectWrappers" name="@BeforeTest beforeTest" time="0.0">
    <ignored/>
  </testcase> <!-- @BeforeTest beforeTest -->
  <testcase classname="wrappers.ProjectWrappers" name="@BeforeTest beforeTest" time="0.0">
    <ignored/>
  </testcase> <!-- @BeforeTest beforeTest -->
  <testcase classname="wrappers.ProjectWrappers" name="@BeforeTest beforeTest" time="0.0">
    <ignored/>
  </testcase> <!-- @BeforeTest beforeTest -->
  <testcase classname="wrappers.ProjectWrappers" name="@BeforeTest beforeTest" time="0.0">
    <ignored/>
  </testcase> <!-- @BeforeTest beforeTest -->
  <testcase classname="wrappers.ProjectWrappers" name="@AfterTest afterTest" time="0.0">
    <ignored/>
  </testcase> <!-- @AfterTest afterTest -->
  <testcase classname="wrappers.ProjectWrappers" name="@AfterTest afterTest" time="0.0">
    <ignored/>
  </testcase> <!-- @AfterTest afterTest -->
  <testcase classname="wrappers.ProjectWrappers" name="@AfterTest afterTest" time="0.0">
    <ignored/>
  </testcase> <!-- @AfterTest afterTest -->
  <testcase classname="wrappers.ProjectWrappers" name="@AfterTest afterTest" time="0.0">
    <ignored/>
  </testcase> <!-- @AfterTest afterTest -->
  <testcase classname="wrappers.ProjectWrappers" name="@AfterTest afterTest" time="0.0">
    <ignored/>
  </testcase> <!-- @AfterTest afterTest -->
  <testcase classname="wrappers.ProjectWrappers" name="@AfterTest afterTest" time="0.0">
    <ignored/>
  </testcase> <!-- @AfterTest afterTest -->
  <testcase classname="wrappers.ProjectWrappers" name="@BeforeSuite beforeSuite" time="0.0">
    <ignored/>
  </testcase> <!-- @BeforeSuite beforeSuite -->
  <testcase classname="wrappers.ProjectWrappers" name="@BeforeSuite beforeSuite" time="0.0">
    <ignored/>
  </testcase> <!-- @BeforeSuite beforeSuite -->
  <testcase classname="wrappers.ProjectWrappers" name="@BeforeSuite beforeSuite" time="0.0">
    <ignored/>
  </testcase> <!-- @BeforeSuite beforeSuite -->
  <testcase classname="wrappers.ProjectWrappers" name="@BeforeSuite beforeSuite" time="0.0">
    <ignored/>
  </testcase> <!-- @BeforeSuite beforeSuite -->
  <testcase classname="wrappers.ProjectWrappers" name="@BeforeSuite beforeSuite" time="0.0">
    <ignored/>
  </testcase> <!-- @BeforeSuite beforeSuite -->
  <testcase classname="wrappers.ProjectWrappers" name="@BeforeSuite beforeSuite" time="0.0">
    <ignored/>
  </testcase> <!-- @BeforeSuite beforeSuite -->
</testsuite> <!-- Test -->
