<?xml version="1.0" encoding="UTF-8"?>
<!-- Generated by org.testng.reporters.JUnitXMLReporter -->
<testsuite ignored="0" hostname="ng_desktop" failures="0" tests="4" name="Test" time="11.414" errors="0" timestamp="2023-07-03T16:13:32 EDT">
  <testcase classname="openkart2testcases.TC004_Login2" name="openKart2Login" time="1.184"/>
  <testcase classname="openkart2testcases.TC004_Login2" name="openKart2Login" time="1.141"/>
  <testcase classname="openkart2testcases.TC004_Login2" name="openKart2Login" time="1.13"/>
  <testcase classname="openkart2testcases.TC004_Login2" name="openKart2Login" time="1.166"/>
</testsuite> <!-- Test -->
