<?xml version="1.0" encoding="UTF-8"?>
<testng-results ignored="0" total="2" passed="2" failed="0" skipped="0">
  <reporter-output>
  </reporter-output>
  <suite started-at="2023-07-06T18:33:46 EDT" name="Default suite" finished-at="2023-07-06T18:33:53 EDT" duration-ms="7307">
    <groups>
    </groups>
    <test started-at="2023-07-06T18:33:46 EDT" name="Default test" finished-at="2023-07-06T18:33:53 EDT" duration-ms="7307">
      <class name="openkart2testcases.TC007_CameraTest">
        <test-method is-config="true" signature="beforeSuite()[pri:0, instance:openkart2testcases.TC007_CameraTest@1c7696c6]" started-at="2023-07-06T18:33:46 EDT" name="beforeSuite" finished-at="2023-07-06T18:33:46 EDT" duration-ms="76" status="PASS">
          <reporter-output>
          </reporter-output>
        </test-method> <!-- beforeSuite -->
        <test-method is-config="true" signature="beforeTest()[pri:0, instance:openkart2testcases.TC007_CameraTest@1c7696c6]" started-at="2023-07-06T18:33:46 EDT" name="beforeTest" finished-at="2023-07-06T18:33:46 EDT" duration-ms="0" status="PASS">
          <reporter-output>
          </reporter-output>
        </test-method> <!-- beforeTest -->
        <test-method is-config="true" signature="setConditions()[pri:0, instance:openkart2testcases.TC007_CameraTest@1c7696c6]" started-at="2023-07-06T18:33:46 EDT" name="setConditions" finished-at="2023-07-06T18:33:46 EDT" duration-ms="0" status="PASS">
          <reporter-output>
          </reporter-output>
        </test-method> <!-- setConditions -->
        <test-method is-config="true" signature="beforeMethod()[pri:0, instance:openkart2testcases.TC007_CameraTest@1c7696c6]" started-at="2023-07-06T18:33:46 EDT" name="beforeMethod" finished-at="2023-07-06T18:33:48 EDT" duration-ms="2369" status="PASS">
          <reporter-output>
          </reporter-output>
        </test-method> <!-- beforeMethod -->
        <test-method signature="openKart2Camera(java.lang.String,java.lang.String)[pri:0, instance:openkart2testcases.TC007_CameraTest@1c7696c6]" started-at="2023-07-06T18:33:48 EDT" name="openKart2Camera" data-provider="fetchData" finished-at="2023-07-06T18:33:50 EDT" duration-ms="1548" status="PASS">
          <params>
            <param index="0">
              <value>
                <![CDATA[Price (Low > High)]]>
              </value>
            </param>
            <param index="1">
              <value>
                <![CDATA[50]]>
              </value>
            </param>
          </params>
          <reporter-output>
          </reporter-output>
        </test-method> <!-- openKart2Camera -->
        <test-method is-config="true" signature="afterMethod()[pri:0, instance:openkart2testcases.TC007_CameraTest@1c7696c6]" started-at="2023-07-06T18:33:50 EDT" name="afterMethod" finished-at="2023-07-06T18:33:50 EDT" duration-ms="136" status="PASS">
          <reporter-output>
          </reporter-output>
        </test-method> <!-- afterMethod -->
        <test-method is-config="true" signature="beforeMethod()[pri:0, instance:openkart2testcases.TC007_CameraTest@1c7696c6]" started-at="2023-07-06T18:33:50 EDT" name="beforeMethod" finished-at="2023-07-06T18:33:51 EDT" duration-ms="1375" status="PASS">
          <reporter-output>
          </reporter-output>
        </test-method> <!-- beforeMethod -->
        <test-method signature="openKart2Camera(java.lang.String,java.lang.String)[pri:0, instance:openkart2testcases.TC007_CameraTest@1c7696c6]" started-at="2023-07-06T18:33:51 EDT" name="openKart2Camera" data-provider="fetchData" finished-at="2023-07-06T18:33:53 EDT" duration-ms="1488" status="PASS">
          <params>
            <param index="0">
              <value>
                <![CDATA[Rating (Highest)]]>
              </value>
            </param>
            <param index="1">
              <value>
                <![CDATA[100]]>
              </value>
            </param>
          </params>
          <reporter-output>
          </reporter-output>
        </test-method> <!-- openKart2Camera -->
        <test-method is-config="true" signature="afterMethod()[pri:0, instance:openkart2testcases.TC007_CameraTest@1c7696c6]" started-at="2023-07-06T18:33:53 EDT" name="afterMethod" finished-at="2023-07-06T18:33:53 EDT" duration-ms="105" status="PASS">
          <reporter-output>
          </reporter-output>
        </test-method> <!-- afterMethod -->
        <test-method is-config="true" signature="afterClass()[pri:0, instance:openkart2testcases.TC007_CameraTest@1c7696c6]" started-at="2023-07-06T18:33:53 EDT" name="afterClass" finished-at="2023-07-06T18:33:53 EDT" duration-ms="1" status="PASS">
          <reporter-output>
          </reporter-output>
        </test-method> <!-- afterClass -->
        <test-method is-config="true" signature="afterTest()[pri:0, instance:openkart2testcases.TC007_CameraTest@1c7696c6]" started-at="2023-07-06T18:33:53 EDT" name="afterTest" finished-at="2023-07-06T18:33:53 EDT" duration-ms="1" status="PASS">
          <reporter-output>
          </reporter-output>
        </test-method> <!-- afterTest -->
        <test-method is-config="true" signature="afterSuite()[pri:0, instance:openkart2testcases.TC007_CameraTest@1c7696c6]" started-at="2023-07-06T18:33:53 EDT" name="afterSuite" finished-at="2023-07-06T18:33:53 EDT" duration-ms="84" status="PASS">
          <reporter-output>
          </reporter-output>
        </test-method> <!-- afterSuite -->
      </class> <!-- openkart2testcases.TC007_CameraTest -->
    </test> <!-- Default test -->
  </suite> <!-- Default suite -->
</testng-results>
